0 info it worked if it ends with ok
1 verbose cli [ '/usr/local/bin/node', '/usr/local/bin/npm', 'start' ]
2 info using npm@4.0.1
3 info using node@v6.2.2
4 verbose run-script [ 'prestart', 'start', 'poststart' ]
5 info lifecycle g@1.0.0~prestart: g@1.0.0
6 silly lifecycle g@1.0.0~prestart: no script for prestart, continuing
7 info lifecycle g@1.0.0~start: g@1.0.0
8 verbose lifecycle g@1.0.0~start: unsafe-perm in lifecycle true
9 verbose lifecycle g@1.0.0~start: PATH: /usr/local/lib/node_modules/npm/bin/node-gyp-bin:/Users/brianzhou/Desktop/coding_projects/g/node_modules/.bin:/Users/brianzhou/.rbenv/bin:/Users/brianzhou/anaconda/bin:/usr/local/bin:/usr/bin:/bin:/usr/sbin:/sbin
10 verbose lifecycle g@1.0.0~start: CWD: /Users/brianzhou/Desktop/coding_projects/g
11 silly lifecycle g@1.0.0~start: Args: [ '-c', 'node src/server/server.js' ]
12 silly lifecycle g@1.0.0~start: Returned: code: 1  signal: null
13 info lifecycle g@1.0.0~start: Failed to exec start script
14 verbose stack Error: g@1.0.0 start: `node src/server/server.js`
14 verbose stack Exit status 1
14 verbose stack     at EventEmitter.<anonymous> (/usr/local/lib/node_modules/npm/lib/utils/lifecycle.js:279:16)
14 verbose stack     at emitTwo (events.js:106:13)
14 verbose stack     at EventEmitter.emit (events.js:191:7)
14 verbose stack     at ChildProcess.<anonymous> (/usr/local/lib/node_modules/npm/lib/utils/spawn.js:40:14)
14 verbose stack     at emitTwo (events.js:106:13)
14 verbose stack     at ChildProcess.emit (events.js:191:7)
14 verbose stack     at maybeClose (internal/child_process.js:852:16)
14 verbose stack     at Process.ChildProcess._handle.onexit (internal/child_process.js:215:5)
15 verbose pkgid g@1.0.0
16 verbose cwd /Users/brianzhou/Desktop/coding_projects/g/src/server/database
17 error Darwin 15.5.0
18 error argv "/usr/local/bin/node" "/usr/local/bin/npm" "start"
19 error node v6.2.2
20 error npm  v4.0.1
21 error code ELIFECYCLE
22 error g@1.0.0 start: `node src/server/server.js`
22 error Exit status 1
23 error Failed at the g@1.0.0 start script 'node src/server/server.js'.
23 error Make sure you have the latest version of node.js and npm installed.
23 error If you do, this is most likely a problem with the g package,
23 error not with npm itself.
23 error Tell the author that this fails on your system:
23 error     node src/server/server.js
23 error You can get information on how to open an issue for this project with:
23 error     npm bugs g
23 error Or if that isn't available, you can get their info via:
23 error     npm owner ls g
23 error There is likely additional logging output above.
24 verbose exit [ 1, true ]
